Using pre-set license
Built from '2020.2/release' branch; Version is '2020.2.2f1 (068178b99f32) revision 426360'; Using compiler version '192528614'; Build Type 'Release'
OS: 'Windows 10 Pro; OS build 19042.746; Version 2009; 64bit' Language: 'en' Physical Memory: 32678 MB
BatchMode: 1, IsHumanControllingUs: 0, StartBugReporterOnCrash: 0, Is64bit: 1, IsPro: 0

 COMMAND LINE ARGUMENTS:
C:\Program Files\Unity Editor\2020.2.2f1\Editor\Unity.exe
-adb2
-batchMode
-noUpm
-name
AssetImportWorker0
-projectPath
C:/Users/Adrian/Desktop/Unity Projects/3DShipGame/ShipGame3D
-logFile
Logs/AssetImportWorker0.log
-srvPort
52721
Successfully changed project path to: C:/Users/Adrian/Desktop/Unity Projects/3DShipGame/ShipGame3D
C:/Users/Adrian/Desktop/Unity Projects/3DShipGame/ShipGame3D
Using Asset Import Pipeline V2.
Refreshing native plugins compatible for Editor in 43.86 ms, found 0 plugins.
Preloading 0 native plugins for Editor in 0.00 ms.
Initialize engine version: 2020.2.2f1 (068178b99f32)
[Subsystems] Discovering subsystems at path C:/Program Files/Unity Editor/2020.2.2f1/Editor/Data/Resources/UnitySubsystems
[Subsystems] Discovering subsystems at path C:/Users/Adrian/Desktop/Unity Projects/3DShipGame/ShipGame3D/Assets
GfxDevice: creating device client; threaded=0
Direct3D:
    Version:  Direct3D 11.0 [level 11.1]
    Renderer: NVIDIA GeForce RTX 2070 SUPER (ID=0x1e84)
    Vendor:   
    VRAM:     8011 MB
    Driver:   27.21.14.6140
Shader 'Universal Render Pipeline/Particles/Lit': fallback shader 'Universal Render Pipeline/Particles/SimpleLit' not found
Initialize mono
Mono path[0] = 'C:/Program Files/Unity Editor/2020.2.2f1/Editor/Data/Managed'
Mono path[1] = 'C:/Program Files/Unity Editor/2020.2.2f1/Editor/Data/MonoBleedingEdge/lib/mono/unityjit'
Mono config path = 'C:/Program Files/Unity Editor/2020.2.2f1/Editor/Data/MonoBleedingEdge/etc'
Using monoOptions --debugger-agent=transport=dt_socket,embedding=1,server=y,suspend=n,address=127.0.0.1:56044
Begin MonoManager ReloadAssembly
Registering precompiled unity dll's ...
Register platform support module: C:/Program Files/Unity Editor/2020.2.2f1/Editor/Data/PlaybackEngines/WebGLSupport/UnityEditor.WebGL.Extensions.dll
Register platform support module: C:/Program Files/Unity Editor/2020.2.2f1/Editor/Data/PlaybackEngines/WindowsStandaloneSupport/UnityEditor.WindowsStandalone.Extensions.dll
Registered in 0.001786 seconds.
Native extension for WindowsStandalone target not found
Native extension for WebGL target not found
Refreshing native plugins compatible for Editor in 44.41 ms, found 0 plugins.
Preloading 0 native plugins for Editor in 0.00 ms.
Invoked RoslynAnalysisRunner static constructor.
RoslynAnalysisRunner will not be running.
RoslynAnalysisRunner has terminated.
Mono: successfully reloaded assembly
- Completed reload, in  0.913 seconds
Platform modules already initialized, skipping
Registering precompiled user dll's ...
Registered in 0.001360 seconds.
Begin MonoManager ReloadAssembly
Native extension for WindowsStandalone target not found
Native extension for WebGL target not found
Refreshing native plugins compatible for Editor in 50.38 ms, found 0 plugins.
Preloading 0 native plugins for Editor in 0.00 ms.
Invoked RoslynAnalysisRunner static constructor.
RoslynAnalysisRunner will not be running.
RoslynAnalysisRunner has terminated.
Mono: successfully reloaded assembly
- Completed reload, in  0.940 seconds
Platform modules already initialized, skipping
========================================================================
Worker process is ready to serve import requests
Shader 'Universal Render Pipeline/Particles/Lit': fallback shader 'Universal Render Pipeline/Particles/SimpleLit' not found
Launched and connected shader compiler UnityShaderCompiler.exe after 0.03 seconds
Refreshing native plugins compatible for Editor in 0.60 ms, found 0 plugins.
Preloading 0 native plugins for Editor in 0.00 ms.
Unloading 3035 Unused Serialized files (Serialized files now loaded: 0)
System memory in use before: 144.2 MB.
System memory in use after: 144.4 MB.

Unloading 125 unused Assets to reduce memory usage. Loaded Objects now: 3475.
Total: 2.716500 ms (FindLiveObjects: 0.399000 ms CreateObjectMapping: 0.081100 ms MarkObjects: 2.048000 ms  DeleteObjects: 0.187400 ms)

========================================================================
Received Import Request.
  path: Assets/Assets.index
  artifactKey: Guid(68315256a7cf5344eae2d64d86813b43) Importer(815301076,1909f56bfc062723c751e8b465ee728b)
Start importing Assets/Assets.index using Guid(68315256a7cf5344eae2d64d86813b43) Importer(815301076,1909f56bfc062723c751e8b465ee728b)  -> (artifact id: '982b5f2640048f78e98e9da82a3bb024') in 0.045084 seconds
  Import took 0.049282 seconds .

========================================================================
Received Prepare
Shader 'Universal Render Pipeline/Particles/Lit': fallback shader 'Universal Render Pipeline/Particles/SimpleLit' not found
Refreshing native plugins compatible for Editor in 1.30 ms, found 0 plugins.
Preloading 0 native plugins for Editor in 0.00 ms.
Unloading 4 Unused Serialized files (Serialized files now loaded: 0)
System memory in use before: 78.5 MB.
System memory in use after: 78.7 MB.

Unloading 4 unused Assets to reduce memory usage. Loaded Objects now: 3475.
Total: 2.684700 ms (FindLiveObjects: 0.365800 ms CreateObjectMapping: 0.073300 ms MarkObjects: 2.175300 ms  DeleteObjects: 0.069400 ms)

========================================================================
Received Import Request.
  Time since last request: 18.130467 seconds.
  path: Assets/Prefabs/Particles/splash.prefab
  artifactKey: Guid(3dca7c097ed17d84db4d7490f37de5c8) Importer(815301076,1909f56bfc062723c751e8b465ee728b)
Start importing Assets/Prefabs/Particles/splash.prefab using Guid(3dca7c097ed17d84db4d7490f37de5c8) Importer(815301076,1909f56bfc062723c751e8b465ee728b)  -> (artifact id: 'cd6f66a6f81dc62d2526bfebaa41aba9') in 0.028686 seconds
  Import took 0.033549 seconds .

========================================================================
Received Prepare
Registering precompiled user dll's ...
Registered in 0.001354 seconds.
Begin MonoManager ReloadAssembly
Native extension for WindowsStandalone target not found
Native extension for WebGL target not found
Refreshing native plugins compatible for Editor in 0.57 ms, found 0 plugins.
Preloading 0 native plugins for Editor in 0.00 ms.
Invoked RoslynAnalysisRunner static constructor.
RoslynAnalysisRunner will not be running.
RoslynAnalysisRunner has terminated.
Mono: successfully reloaded assembly
- Completed reload, in  0.860 seconds
Platform modules already initialized, skipping
Shader 'Universal Render Pipeline/Particles/Lit': fallback shader 'Universal Render Pipeline/Particles/SimpleLit' not found
Refreshing native plugins compatible for Editor in 0.58 ms, found 0 plugins.
Preloading 0 native plugins for Editor in 0.00 ms.
Unloading 2881 Unused Serialized files (Serialized files now loaded: 0)
System memory in use before: 135.8 MB.
System memory in use after: 136.0 MB.

Unloading 120 unused Assets to reduce memory usage. Loaded Objects now: 3477.
Total: 2.911100 ms (FindLiveObjects: 0.345400 ms CreateObjectMapping: 0.077100 ms MarkObjects: 2.183600 ms  DeleteObjects: 0.304100 ms)

========================================================================
Received Import Request.
  Time since last request: 49.915537 seconds.
  path: Assets/Prefabs/Particles/splash.prefab
  artifactKey: Guid(3dca7c097ed17d84db4d7490f37de5c8) Importer(815301076,1909f56bfc062723c751e8b465ee728b)
Start importing Assets/Prefabs/Particles/splash.prefab using Guid(3dca7c097ed17d84db4d7490f37de5c8) Importer(815301076,1909f56bfc062723c751e8b465ee728b)  -> (artifact id: '71402e23ba836906b2e7569c902c5218') in 0.027411 seconds
  Import took 0.031754 seconds .

========================================================================
Received Import Request.
  Time since last request: 1.009399 seconds.
  path: Assets/Prefabs/Particles/splash.prefab
  artifactKey: Guid(3dca7c097ed17d84db4d7490f37de5c8) Importer(815301076,1909f56bfc062723c751e8b465ee728b)
Start importing Assets/Prefabs/Particles/splash.prefab using Guid(3dca7c097ed17d84db4d7490f37de5c8) Importer(815301076,1909f56bfc062723c751e8b465ee728b)  -> (artifact id: '0153fcdaf0eccc9f91f1689783619933') in 0.004185 seconds
  Import took 0.008752 seconds .

========================================================================
Received Prepare
Registering precompiled user dll's ...
Registered in 0.001211 seconds.
Begin MonoManager ReloadAssembly
Native extension for WindowsStandalone target not found
Native extension for WebGL target not found
Refreshing native plugins compatible for Editor in 0.56 ms, found 0 plugins.
Preloading 0 native plugins for Editor in 0.00 ms.
Invoked RoslynAnalysisRunner static constructor.
RoslynAnalysisRunner will not be running.
RoslynAnalysisRunner has terminated.
Mono: successfully reloaded assembly
- Completed reload, in  0.819 seconds
Platform modules already initialized, skipping
Shader 'Universal Render Pipeline/Particles/Lit': fallback shader 'Universal Render Pipeline/Particles/SimpleLit' not found
Refreshing native plugins compatible for Editor in 0.56 ms, found 0 plugins.
Preloading 0 native plugins for Editor in 0.00 ms.
Unloading 2881 Unused Serialized files (Serialized files now loaded: 0)
System memory in use before: 135.8 MB.
System memory in use after: 136.0 MB.

Unloading 120 unused Assets to reduce memory usage. Loaded Objects now: 3479.
Total: 2.584900 ms (FindLiveObjects: 0.338000 ms CreateObjectMapping: 0.082800 ms MarkObjects: 2.003200 ms  DeleteObjects: 0.160000 ms)

========================================================================
Received Prepare
Registering precompiled user dll's ...
Registered in 0.001414 seconds.
Begin MonoManager ReloadAssembly
Native extension for WindowsStandalone target not found
Native extension for WebGL target not found
Refreshing native plugins compatible for Editor in 0.58 ms, found 0 plugins.
Preloading 0 native plugins for Editor in 0.00 ms.
Invoked RoslynAnalysisRunner static constructor.
RoslynAnalysisRunner will not be running.
RoslynAnalysisRunner has terminated.
Mono: successfully reloaded assembly
- Completed reload, in  0.814 seconds
Platform modules already initialized, skipping
Shader 'Universal Render Pipeline/Particles/Lit': fallback shader 'Universal Render Pipeline/Particles/SimpleLit' not found
Refreshing native plugins compatible for Editor in 0.58 ms, found 0 plugins.
Preloading 0 native plugins for Editor in 0.00 ms.
Unloading 2881 Unused Serialized files (Serialized files now loaded: 0)
System memory in use before: 135.9 MB.
System memory in use after: 136.1 MB.

Unloading 120 unused Assets to reduce memory usage. Loaded Objects now: 3481.
Total: 3.160000 ms (FindLiveObjects: 0.447900 ms CreateObjectMapping: 0.102100 ms MarkObjects: 2.435100 ms  DeleteObjects: 0.173800 ms)

========================================================================
Received Prepare
Registering precompiled user dll's ...
Registered in 0.001227 seconds.
Begin MonoManager ReloadAssembly
Native extension for WindowsStandalone target not found
Native extension for WebGL target not found
Refreshing native plugins compatible for Editor in 0.84 ms, found 0 plugins.
Preloading 0 native plugins for Editor in 0.00 ms.
Invoked RoslynAnalysisRunner static constructor.
RoslynAnalysisRunner will not be running.
RoslynAnalysisRunner has terminated.
Mono: successfully reloaded assembly
- Completed reload, in  0.949 seconds
Platform modules already initialized, skipping
Shader 'Universal Render Pipeline/Particles/Lit': fallback shader 'Universal Render Pipeline/Particles/SimpleLit' not found
Refreshing native plugins compatible for Editor in 0.61 ms, found 0 plugins.
Preloading 0 native plugins for Editor in 0.00 ms.
Unloading 2881 Unused Serialized files (Serialized files now loaded: 0)
System memory in use before: 135.9 MB.
System memory in use after: 136.1 MB.

Unloading 120 unused Assets to reduce memory usage. Loaded Objects now: 3483.
Total: 3.322000 ms (FindLiveObjects: 0.773500 ms CreateObjectMapping: 0.212500 ms MarkObjects: 2.127600 ms  DeleteObjects: 0.207400 ms)

========================================================================
Received Prepare
Registering precompiled user dll's ...
Registered in 0.001270 seconds.
Begin MonoManager ReloadAssembly
Native extension for WindowsStandalone target not found
Native extension for WebGL target not found
Refreshing native plugins compatible for Editor in 0.57 ms, found 0 plugins.
Preloading 0 native plugins for Editor in 0.00 ms.
Invoked RoslynAnalysisRunner static constructor.
RoslynAnalysisRunner will not be running.
RoslynAnalysisRunner has terminated.
Mono: successfully reloaded assembly
- Completed reload, in  0.858 seconds
Platform modules already initialized, skipping
Shader 'Universal Render Pipeline/Particles/Lit': fallback shader 'Universal Render Pipeline/Particles/SimpleLit' not found
Refreshing native plugins compatible for Editor in 0.57 ms, found 0 plugins.
Preloading 0 native plugins for Editor in 0.00 ms.
Unloading 2881 Unused Serialized files (Serialized files now loaded: 0)
System memory in use before: 135.9 MB.
System memory in use after: 136.1 MB.

Unloading 120 unused Assets to reduce memory usage. Loaded Objects now: 3485.
Total: 3.712200 ms (FindLiveObjects: 0.410400 ms CreateObjectMapping: 0.080000 ms MarkObjects: 2.987100 ms  DeleteObjects: 0.233200 ms)

========================================================================
Received Import Request.
  Time since last request: 973.454219 seconds.
  path: Assets/Assets.index
  artifactKey: Guid(68315256a7cf5344eae2d64d86813b43) Importer(815301076,1909f56bfc062723c751e8b465ee728b)
Start importing Assets/Assets.index using Guid(68315256a7cf5344eae2d64d86813b43) Importer(815301076,1909f56bfc062723c751e8b465ee728b)  -> (artifact id: '3155a98982fb871fae62d3fff3b00471') in 0.045260 seconds
  Import took 0.050302 seconds .

========================================================================
Received Import Request.
  Time since last request: 29.005919 seconds.
  path: Assets/Animations/Player Anim/sailor rig throw.blend
  artifactKey: Guid(a282484931c64ee45ac7116e58613af6) Importer(815301076,1909f56bfc062723c751e8b465ee728b)
Start importing Assets/Animations/Player Anim/sailor rig throw.blend using Guid(a282484931c64ee45ac7116e58613af6) Importer(815301076,1909f56bfc062723c751e8b465ee728b)  -> (artifact id: 'dd118c9117873398c8c915abe584c968') in 0.434702 seconds
  Import took 0.441359 seconds .

========================================================================
Received Import Request.
  Time since last request: 6.654920 seconds.
  path: Assets/Animations/Player Anim/sailor rig throw.blend1
  artifactKey: Guid(a97d01e6cce3d784080b71638468d0c2) Importer(815301076,1909f56bfc062723c751e8b465ee728b)
Start importing Assets/Animations/Player Anim/sailor rig throw.blend1 using Guid(a97d01e6cce3d784080b71638468d0c2) Importer(815301076,1909f56bfc062723c751e8b465ee728b)  -> (artifact id: '17133bd7d09bd1a2e8d13e0796cc7d3d') in 0.008331 seconds
  Import took 0.013241 seconds .

========================================================================
Received Import Request.
  Time since last request: 14.813719 seconds.
  path: Assets/Animations/Player Anim/Scene.anim
  artifactKey: Guid(e02c726e5e0536b42b01cbb75aa985b2) Importer(815301076,1909f56bfc062723c751e8b465ee728b)
Start importing Assets/Animations/Player Anim/Scene.anim using Guid(e02c726e5e0536b42b01cbb75aa985b2) Importer(815301076,1909f56bfc062723c751e8b465ee728b)  -> (artifact id: 'a9225a0dfc47ae617a194015712bdbee') in 0.023806 seconds
  Import took 0.031022 seconds .

========================================================================
Received Import Request.
  Time since last request: 10.680358 seconds.
  path: Assets/Animations/Player Anim/Throw.anim
  artifactKey: Guid(e02c726e5e0536b42b01cbb75aa985b2) Importer(815301076,1909f56bfc062723c751e8b465ee728b)
Start importing Assets/Animations/Player Anim/Throw.anim using Guid(e02c726e5e0536b42b01cbb75aa985b2) Importer(815301076,1909f56bfc062723c751e8b465ee728b)  -> (artifact id: '84d4d03cb30eeda6094760ce2e21db12') in 0.017898 seconds
  Import took 0.022957 seconds .

========================================================================
Received Import Request.
  Time since last request: 6.970368 seconds.
  path: Assets/Animations/Player Anim/PlayerAnimController.controller
  artifactKey: Guid(77960fb92c2feac4090a870fd6518d61) Importer(815301076,1909f56bfc062723c751e8b465ee728b)
Start importing Assets/Animations/Player Anim/PlayerAnimController.controller using Guid(77960fb92c2feac4090a870fd6518d61) Importer(815301076,1909f56bfc062723c751e8b465ee728b)  -> (artifact id: 'f33610659651f651e01a849e6864a9ed') in 0.350533 seconds
  Import took 0.361324 seconds .

========================================================================
Received Import Request.
  Time since last request: 218.771434 seconds.
  path: Assets/Assets.index
  artifactKey: Guid(68315256a7cf5344eae2d64d86813b43) Importer(815301076,1909f56bfc062723c751e8b465ee728b)
Start importing Assets/Assets.index using Guid(68315256a7cf5344eae2d64d86813b43) Importer(815301076,1909f56bfc062723c751e8b465ee728b)  -> (artifact id: 'd9c60555c139f77630d879006d369711') in 0.007105 seconds
  Import took 0.011990 seconds .

========================================================================
Received Prepare
Registering precompiled user dll's ...
Registered in 0.001301 seconds.
Begin MonoManager ReloadAssembly
Native extension for WindowsStandalone target not found
Native extension for WebGL target not found
Refreshing native plugins compatible for Editor in 0.59 ms, found 0 plugins.
Preloading 0 native plugins for Editor in 0.00 ms.
Invoked RoslynAnalysisRunner static constructor.
RoslynAnalysisRunner will not be running.
RoslynAnalysisRunner has terminated.
Mono: successfully reloaded assembly
- Completed reload, in  0.828 seconds
Platform modules already initialized, skipping
Shader 'Universal Render Pipeline/Particles/Lit': fallback shader 'Universal Render Pipeline/Particles/SimpleLit' not found
Refreshing native plugins compatible for Editor in 0.56 ms, found 0 plugins.
Preloading 0 native plugins for Editor in 0.00 ms.
Unloading 2881 Unused Serialized files (Serialized files now loaded: 0)
System memory in use before: 152.7 MB.
System memory in use after: 152.9 MB.

Unloading 120 unused Assets to reduce memory usage. Loaded Objects now: 3569.
Total: 2.833600 ms (FindLiveObjects: 0.408300 ms CreateObjectMapping: 0.086500 ms MarkObjects: 2.163500 ms  DeleteObjects: 0.174300 ms)

========================================================================
Received Prepare
Registering precompiled user dll's ...
Registered in 0.001235 seconds.
Begin MonoManager ReloadAssembly
Native extension for WindowsStandalone target not found
Native extension for WebGL target not found
Refreshing native plugins compatible for Editor in 0.56 ms, found 0 plugins.
Preloading 0 native plugins for Editor in 0.00 ms.
Invoked RoslynAnalysisRunner static constructor.
RoslynAnalysisRunner will not be running.
RoslynAnalysisRunner has terminated.
Mono: successfully reloaded assembly
- Completed reload, in  0.945 seconds
Platform modules already initialized, skipping
Shader 'Universal Render Pipeline/Particles/Lit': fallback shader 'Universal Render Pipeline/Particles/SimpleLit' not found
Refreshing native plugins compatible for Editor in 0.56 ms, found 0 plugins.
Preloading 0 native plugins for Editor in 0.00 ms.
Unloading 2881 Unused Serialized files (Serialized files now loaded: 0)
System memory in use before: 152.7 MB.
System memory in use after: 152.9 MB.

Unloading 120 unused Assets to reduce memory usage. Loaded Objects now: 3571.
Total: 3.733900 ms (FindLiveObjects: 0.451500 ms CreateObjectMapping: 0.100200 ms MarkObjects: 2.985100 ms  DeleteObjects: 0.196000 ms)

========================================================================
Received Import Request.
  Time since last request: 1059.811279 seconds.
  path: Assets/Prefabs/Other/squid.prefab
  artifactKey: Guid(74da8a9997fdf03488b7a6e5a020a4dc) Importer(815301076,1909f56bfc062723c751e8b465ee728b)
Start importing Assets/Prefabs/Other/squid.prefab using Guid(74da8a9997fdf03488b7a6e5a020a4dc) Importer(815301076,1909f56bfc062723c751e8b465ee728b)  -> (artifact id: 'a7d4932e552dcd49efbafd213045345a') in 0.169676 seconds
  Import took 0.175565 seconds .

========================================================================
Received Import Request.
  Time since last request: 0.006370 seconds.
  path: Assets/Prefabs/Other/squidlvl Variant.prefab
  artifactKey: Guid(5c839cf3c9974924e8f17ef853c746a7) Importer(815301076,1909f56bfc062723c751e8b465ee728b)
Start importing Assets/Prefabs/Other/squidlvl Variant.prefab using Guid(5c839cf3c9974924e8f17ef853c746a7) Importer(815301076,1909f56bfc062723c751e8b465ee728b)  -> (artifact id: 'fcaa3db6a5719f24503e943875d3321a') in 0.041960 seconds
  Import took 0.049241 seconds .

========================================================================
Received Import Request.
  Time since last request: 11.778987 seconds.
  path: Assets/Prefabs/Other/Player.prefab
  artifactKey: Guid(bea6213fd4124dc4699b257ac113b910) Importer(815301076,1909f56bfc062723c751e8b465ee728b)
Start importing Assets/Prefabs/Other/Player.prefab using Guid(bea6213fd4124dc4699b257ac113b910) Importer(815301076,1909f56bfc062723c751e8b465ee728b)  -> (artifact id: '49c269f26df538738ffe6cfb7c8bf7c2') in 0.409849 seconds
  Import took 0.422814 seconds .

========================================================================
Received Import Request.
  Time since last request: 0.644760 seconds.
  path: Assets/Prefabs/Other/Player.prefab
  artifactKey: Guid(bea6213fd4124dc4699b257ac113b910) Importer(815301076,1909f56bfc062723c751e8b465ee728b)
Start importing Assets/Prefabs/Other/Player.prefab using Guid(bea6213fd4124dc4699b257ac113b910) Importer(815301076,1909f56bfc062723c751e8b465ee728b)  -> (artifact id: '56c085fdb2bc06afcc2cf7e7b4bcbd9e') in 0.392202 seconds
  Import took 0.406245 seconds .

========================================================================
Received Import Request.
  Time since last request: 0.000157 seconds.
  path: Assets/Prefabs/Other/Player.prefab
  artifactKey: Guid(bea6213fd4124dc4699b257ac113b910) Importer(815301076,1909f56bfc062723c751e8b465ee728b)
Start importing Assets/Prefabs/Other/Player.prefab using Guid(bea6213fd4124dc4699b257ac113b910) Importer(815301076,1909f56bfc062723c751e8b465ee728b)  -> (artifact id: '56c085fdb2bc06afcc2cf7e7b4bcbd9e') in 0.353400 seconds
  Import took 0.366687 seconds .

========================================================================
Received Prepare
Registering precompiled user dll's ...
Registered in 0.001210 seconds.
Begin MonoManager ReloadAssembly
Native extension for WindowsStandalone target not found
Native extension for WebGL target not found
Refreshing native plugins compatible for Editor in 0.59 ms, found 0 plugins.
Preloading 0 native plugins for Editor in 0.00 ms.
Invoked RoslynAnalysisRunner static constructor.
RoslynAnalysisRunner will not be running.
RoslynAnalysisRunner has terminated.
Mono: successfully reloaded assembly
- Completed reload, in  0.947 seconds
Platform modules already initialized, skipping
Shader 'Universal Render Pipeline/Particles/Lit': fallback shader 'Universal Render Pipeline/Particles/SimpleLit' not found
Refreshing native plugins compatible for Editor in 0.57 ms, found 0 plugins.
Preloading 0 native plugins for Editor in 0.00 ms.
Unloading 2881 Unused Serialized files (Serialized files now loaded: 0)
System memory in use before: 153.6 MB.
System memory in use after: 153.8 MB.

Unloading 121 unused Assets to reduce memory usage. Loaded Objects now: 3609.
Total: 3.643900 ms (FindLiveObjects: 0.567000 ms CreateObjectMapping: 0.095000 ms MarkObjects: 2.754600 ms  DeleteObjects: 0.226200 ms)

========================================================================
Received Prepare
Registering precompiled user dll's ...
Registered in 0.001293 seconds.
Begin MonoManager ReloadAssembly
Native extension for WindowsStandalone target not found
Native extension for WebGL target not found
Refreshing native plugins compatible for Editor in 0.59 ms, found 0 plugins.
Preloading 0 native plugins for Editor in 0.00 ms.
Invoked RoslynAnalysisRunner static constructor.
RoslynAnalysisRunner will not be running.
RoslynAnalysisRunner has terminated.
Mono: successfully reloaded assembly
- Completed reload, in  0.917 seconds
Platform modules already initialized, skipping
Shader 'Universal Render Pipeline/Particles/Lit': fallback shader 'Universal Render Pipeline/Particles/SimpleLit' not found
Refreshing native plugins compatible for Editor in 0.57 ms, found 0 plugins.
Preloading 0 native plugins for Editor in 0.00 ms.
Unloading 2881 Unused Serialized files (Serialized files now loaded: 0)
System memory in use before: 153.6 MB.
System memory in use after: 153.8 MB.

Unloading 120 unused Assets to reduce memory usage. Loaded Objects now: 3611.
Total: 4.438600 ms (FindLiveObjects: 0.491500 ms CreateObjectMapping: 0.097000 ms MarkObjects: 3.649800 ms  DeleteObjects: 0.198900 ms)

========================================================================
Received Import Request.
  Time since last request: 619.957839 seconds.
  path: Assets/Prefabs/Levels/Level 1.prefab
  artifactKey: Guid(f12be308509b0bd489b8ae29278cff2b) Importer(815301076,1909f56bfc062723c751e8b465ee728b)
Start importing Assets/Prefabs/Levels/Level 1.prefab using Guid(f12be308509b0bd489b8ae29278cff2b) Importer(815301076,1909f56bfc062723c751e8b465ee728b)  -> (artifact id: 'cd2d756a2ed38f7f4c6fb871a2a91965') in 0.756608 seconds
  Import took 0.773681 seconds .

========================================================================
Received Import Request.
  Time since last request: 0.000197 seconds.
  path: Assets/Prefabs/Levels/Title Screen Level.prefab
  artifactKey: Guid(1bd38cfb4ad59194fa4f8fe6362e6a76) Importer(815301076,1909f56bfc062723c751e8b465ee728b)
Start importing Assets/Prefabs/Levels/Title Screen Level.prefab using Guid(1bd38cfb4ad59194fa4f8fe6362e6a76) Importer(815301076,1909f56bfc062723c751e8b465ee728b)  -> (artifact id: '919ba5c05a651fcb4247c51e911890c4') in 0.385587 seconds
  Import took 0.399940 seconds .

========================================================================
Received Prepare
Registering precompiled user dll's ...
Registered in 0.001268 seconds.
Begin MonoManager ReloadAssembly
Native extension for WindowsStandalone target not found
Native extension for WebGL target not found
Refreshing native plugins compatible for Editor in 0.94 ms, found 0 plugins.
Preloading 0 native plugins for Editor in 0.00 ms.
Invoked RoslynAnalysisRunner static constructor.
RoslynAnalysisRunner will not be running.
RoslynAnalysisRunner has terminated.
Mono: successfully reloaded assembly
- Completed reload, in  0.930 seconds
Platform modules already initialized, skipping
Shader 'Universal Render Pipeline/Particles/Lit': fallback shader 'Universal Render Pipeline/Particles/SimpleLit' not found
Refreshing native plugins compatible for Editor in 0.60 ms, found 0 plugins.
Preloading 0 native plugins for Editor in 0.00 ms.
Unloading 2881 Unused Serialized files (Serialized files now loaded: 0)
System memory in use before: 154.2 MB.
System memory in use after: 154.4 MB.

Unloading 121 unused Assets to reduce memory usage. Loaded Objects now: 3649.
Total: 2.870000 ms (FindLiveObjects: 0.392100 ms CreateObjectMapping: 0.091700 ms MarkObjects: 2.209000 ms  DeleteObjects: 0.176200 ms)

========================================================================
Received Import Request.
  Time since last request: 27.130522 seconds.
  path: Assets/Prefabs/Levels/Level 1.prefab
  artifactKey: Guid(f12be308509b0bd489b8ae29278cff2b) Importer(815301076,1909f56bfc062723c751e8b465ee728b)
Start importing Assets/Prefabs/Levels/Level 1.prefab using Guid(f12be308509b0bd489b8ae29278cff2b) Importer(815301076,1909f56bfc062723c751e8b465ee728b)  -> (artifact id: 'f80e9cf749f1672bc5ccc994100eda94') in 0.524479 seconds
  Import took 0.540402 seconds .

========================================================================
Received Import Request.
  Time since last request: 0.000168 seconds.
  path: Assets/Prefabs/Levels/Level 1.prefab
  artifactKey: Guid(f12be308509b0bd489b8ae29278cff2b) Importer(815301076,1909f56bfc062723c751e8b465ee728b)
Start importing Assets/Prefabs/Levels/Level 1.prefab using Guid(f12be308509b0bd489b8ae29278cff2b) Importer(815301076,1909f56bfc062723c751e8b465ee728b)  -> (artifact id: 'f80e9cf749f1672bc5ccc994100eda94') in 0.381188 seconds
  Import took 0.396993 seconds .

========================================================================
Received Import Request.
  Time since last request: 1.202243 seconds.
  path: Assets/Prefabs/Levels/Level 1.prefab
  artifactKey: Guid(f12be308509b0bd489b8ae29278cff2b) Importer(815301076,1909f56bfc062723c751e8b465ee728b)
Start importing Assets/Prefabs/Levels/Level 1.prefab using Guid(f12be308509b0bd489b8ae29278cff2b) Importer(815301076,1909f56bfc062723c751e8b465ee728b)  -> (artifact id: '1bcc436bcf361df65d510661158cbb08') in 0.445469 seconds
  Import took 0.462558 seconds .

========================================================================
Received Import Request.
  Time since last request: 1.188982 seconds.
  path: Assets/Prefabs/Levels/Level 1.prefab
  artifactKey: Guid(f12be308509b0bd489b8ae29278cff2b) Importer(815301076,1909f56bfc062723c751e8b465ee728b)
Start importing Assets/Prefabs/Levels/Level 1.prefab using Guid(f12be308509b0bd489b8ae29278cff2b) Importer(815301076,1909f56bfc062723c751e8b465ee728b)  -> (artifact id: '6ba7c80dec2fc9c425e3bde695c19333') in 0.436909 seconds
  Import took 0.454353 seconds .

========================================================================
Received Import Request.
  Time since last request: 0.823318 seconds.
  path: Assets/Prefabs/Levels/Level 1.prefab
  artifactKey: Guid(f12be308509b0bd489b8ae29278cff2b) Importer(815301076,1909f56bfc062723c751e8b465ee728b)
Start importing Assets/Prefabs/Levels/Level 1.prefab using Guid(f12be308509b0bd489b8ae29278cff2b) Importer(815301076,1909f56bfc062723c751e8b465ee728b)  -> (artifact id: '754843a5e9c1dffb891d6f462a3e17f5') in 0.447582 seconds
  Import took 0.463939 seconds .

========================================================================
Received Import Request.
  Time since last request: 0.000170 seconds.
  path: Assets/Prefabs/Levels/Level 1.prefab
  artifactKey: Guid(f12be308509b0bd489b8ae29278cff2b) Importer(815301076,1909f56bfc062723c751e8b465ee728b)
Start importing Assets/Prefabs/Levels/Level 1.prefab using Guid(f12be308509b0bd489b8ae29278cff2b) Importer(815301076,1909f56bfc062723c751e8b465ee728b)  -> (artifact id: '754843a5e9c1dffb891d6f462a3e17f5') in 0.378683 seconds
  Import took 0.394778 seconds .

========================================================================
Received Import Request.
  Time since last request: 0.793610 seconds.
  path: Assets/Prefabs/Levels/Level 1.prefab
  artifactKey: Guid(f12be308509b0bd489b8ae29278cff2b) Importer(815301076,1909f56bfc062723c751e8b465ee728b)
Start importing Assets/Prefabs/Levels/Level 1.prefab using Guid(f12be308509b0bd489b8ae29278cff2b) Importer(815301076,1909f56bfc062723c751e8b465ee728b)  -> (artifact id: 'faafe86a156ef91a9dbf6608a7130337') in 0.380612 seconds
  Import took 0.397572 seconds .

========================================================================
Received Import Request.
  Time since last request: 1.471064 seconds.
  path: Assets/Prefabs/Levels/Level 1.prefab
  artifactKey: Guid(f12be308509b0bd489b8ae29278cff2b) Importer(815301076,1909f56bfc062723c751e8b465ee728b)
Start importing Assets/Prefabs/Levels/Level 1.prefab using Guid(f12be308509b0bd489b8ae29278cff2b) Importer(815301076,1909f56bfc062723c751e8b465ee728b)  -> (artifact id: '7ee163d351c26a2d56446b7766630080') in 0.382580 seconds
  Import took 0.398935 seconds .

========================================================================
Received Import Request.
  Time since last request: 13.556560 seconds.
  path: Assets/Prefabs/Levels/Level 1.prefab
  artifactKey: Guid(f12be308509b0bd489b8ae29278cff2b) Importer(815301076,1909f56bfc062723c751e8b465ee728b)
Start importing Assets/Prefabs/Levels/Level 1.prefab using Guid(f12be308509b0bd489b8ae29278cff2b) Importer(815301076,1909f56bfc062723c751e8b465ee728b)  -> (artifact id: '04099a905a4eedd4eb8fee42e1bc9ef1') in 0.387948 seconds
  Import took 0.405506 seconds .

========================================================================
Received Import Request.
  Time since last request: 1.639585 seconds.
  path: Assets/Prefabs/Levels/Level 1.prefab
  artifactKey: Guid(f12be308509b0bd489b8ae29278cff2b) Importer(815301076,1909f56bfc062723c751e8b465ee728b)
Start importing Assets/Prefabs/Levels/Level 1.prefab using Guid(f12be308509b0bd489b8ae29278cff2b) Importer(815301076,1909f56bfc062723c751e8b465ee728b)  -> (artifact id: '06c0468d51cbdbffdc99f054dbe5cb7d') in 0.382986 seconds
  Import took 0.399578 seconds .

========================================================================
Received Import Request.
  Time since last request: 1.245851 seconds.
  path: Assets/Prefabs/Levels/Level 1.prefab
  artifactKey: Guid(f12be308509b0bd489b8ae29278cff2b) Importer(815301076,1909f56bfc062723c751e8b465ee728b)
Start importing Assets/Prefabs/Levels/Level 1.prefab using Guid(f12be308509b0bd489b8ae29278cff2b) Importer(815301076,1909f56bfc062723c751e8b465ee728b)  -> (artifact id: 'a4f07b9f885cf8d4284fd22b2c00e9f7') in 0.429160 seconds
  Import took 0.446483 seconds .

========================================================================
Received Import Request.
  Time since last request: 0.366798 seconds.
  path: Assets/Prefabs/Levels/Level 1.prefab
  artifactKey: Guid(f12be308509b0bd489b8ae29278cff2b) Importer(815301076,1909f56bfc062723c751e8b465ee728b)
Start importing Assets/Prefabs/Levels/Level 1.prefab using Guid(f12be308509b0bd489b8ae29278cff2b) Importer(815301076,1909f56bfc062723c751e8b465ee728b)  -> (artifact id: '79ca1f7ec9977749a3b27af5ececad28') in 0.382740 seconds
  Import took 0.399792 seconds .

========================================================================
Received Import Request.
  Time since last request: 0.000165 seconds.
  path: Assets/Prefabs/Levels/Level 1.prefab
  artifactKey: Guid(f12be308509b0bd489b8ae29278cff2b) Importer(815301076,1909f56bfc062723c751e8b465ee728b)
Start importing Assets/Prefabs/Levels/Level 1.prefab using Guid(f12be308509b0bd489b8ae29278cff2b) Importer(815301076,1909f56bfc062723c751e8b465ee728b)  -> (artifact id: '79ca1f7ec9977749a3b27af5ececad28') in 0.418578 seconds
  Import took 0.435369 seconds .

========================================================================
Received Import Request.
  Time since last request: 1.666276 seconds.
  path: Assets/Prefabs/Levels/Level 1.prefab
  artifactKey: Guid(f12be308509b0bd489b8ae29278cff2b) Importer(815301076,1909f56bfc062723c751e8b465ee728b)
Start importing Assets/Prefabs/Levels/Level 1.prefab using Guid(f12be308509b0bd489b8ae29278cff2b) Importer(815301076,1909f56bfc062723c751e8b465ee728b)  -> (artifact id: '86ea0bcacc9c1eb77810b18990f12e87') in 0.385525 seconds
  Import took 0.402599 seconds .

========================================================================
Received Import Request.
  Time since last request: 8.126087 seconds.
  path: Assets/Prefabs/Levels/Level 1.prefab
  artifactKey: Guid(f12be308509b0bd489b8ae29278cff2b) Importer(815301076,1909f56bfc062723c751e8b465ee728b)
Start importing Assets/Prefabs/Levels/Level 1.prefab using Guid(f12be308509b0bd489b8ae29278cff2b) Importer(815301076,1909f56bfc062723c751e8b465ee728b)  -> (artifact id: '50be4eb77398b5f1451edde03c1e6f98') in 0.389764 seconds
  Import took 0.407377 seconds .

========================================================================
Received Import Request.
  Time since last request: 2.202458 seconds.
  path: Assets/Prefabs/Levels/Level 1.prefab
  artifactKey: Guid(f12be308509b0bd489b8ae29278cff2b) Importer(815301076,1909f56bfc062723c751e8b465ee728b)
Start importing Assets/Prefabs/Levels/Level 1.prefab using Guid(f12be308509b0bd489b8ae29278cff2b) Importer(815301076,1909f56bfc062723c751e8b465ee728b)  -> (artifact id: 'f7c0813192423d4e5c475780c1e8fa64') in 0.401889 seconds
  Import took 0.419554 seconds .

========================================================================
Received Import Request.
  Time since last request: 2.258780 seconds.
  path: Assets/Prefabs/Levels/Level 1.prefab
  artifactKey: Guid(f12be308509b0bd489b8ae29278cff2b) Importer(815301076,1909f56bfc062723c751e8b465ee728b)
Start importing Assets/Prefabs/Levels/Level 1.prefab using Guid(f12be308509b0bd489b8ae29278cff2b) Importer(815301076,1909f56bfc062723c751e8b465ee728b)  -> (artifact id: 'db7a913a1fd107d6aba95bb86b0444fe') in 0.395505 seconds
  Import took 0.412792 seconds .

========================================================================
Received Import Request.
  Time since last request: 8.243144 seconds.
  path: Assets/Prefabs/Levels/Level 1.prefab
  artifactKey: Guid(f12be308509b0bd489b8ae29278cff2b) Importer(815301076,1909f56bfc062723c751e8b465ee728b)
Start importing Assets/Prefabs/Levels/Level 1.prefab using Guid(f12be308509b0bd489b8ae29278cff2b) Importer(815301076,1909f56bfc062723c751e8b465ee728b)  -> (artifact id: '26115bbe9ce078661448d2b68d3074f9') in 0.390813 seconds
  Import took 0.407820 seconds .

========================================================================
Received Import Request.
  Time since last request: 1.567658 seconds.
  path: Assets/Prefabs/Levels/Level 1.prefab
  artifactKey: Guid(f12be308509b0bd489b8ae29278cff2b) Importer(815301076,1909f56bfc062723c751e8b465ee728b)
Start importing Assets/Prefabs/Levels/Level 1.prefab using Guid(f12be308509b0bd489b8ae29278cff2b) Importer(815301076,1909f56bfc062723c751e8b465ee728b)  -> (artifact id: '536ef4f9bbed23803eb0cf5a09246c3f') in 0.381848 seconds
  Import took 0.398989 seconds .

========================================================================
Received Import Request.
  Time since last request: 2.685431 seconds.
  path: Assets/Prefabs/Levels/Level 1.prefab
  artifactKey: Guid(f12be308509b0bd489b8ae29278cff2b) Importer(815301076,1909f56bfc062723c751e8b465ee728b)
Start importing Assets/Prefabs/Levels/Level 1.prefab using Guid(f12be308509b0bd489b8ae29278cff2b) Importer(815301076,1909f56bfc062723c751e8b465ee728b)  -> (artifact id: '5a00b4840084f6ae75e35682301b4af4') in 0.423856 seconds
  Import took 0.441186 seconds .

========================================================================
Received Import Request.
  Time since last request: 4.845091 seconds.
  path: Assets/Prefabs/Levels/Level 1.prefab
  artifactKey: Guid(f12be308509b0bd489b8ae29278cff2b) Importer(815301076,1909f56bfc062723c751e8b465ee728b)
Start importing Assets/Prefabs/Levels/Level 1.prefab using Guid(f12be308509b0bd489b8ae29278cff2b) Importer(815301076,1909f56bfc062723c751e8b465ee728b)  -> (artifact id: 'b1a98c7f1c52798ead0270e623c863c7') in 0.388012 seconds
  Import took 0.405889 seconds .

========================================================================
Received Import Request.
  Time since last request: 34.346206 seconds.
  path: Assets/Prefabs/Levels/Level 1.prefab
  artifactKey: Guid(f12be308509b0bd489b8ae29278cff2b) Importer(815301076,1909f56bfc062723c751e8b465ee728b)
Start importing Assets/Prefabs/Levels/Level 1.prefab using Guid(f12be308509b0bd489b8ae29278cff2b) Importer(815301076,1909f56bfc062723c751e8b465ee728b)  -> (artifact id: 'cdf059cb089828bb5b602643ac83708b') in 0.386605 seconds
  Import took 0.404566 seconds .

========================================================================
Received Import Request.
  Time since last request: 8.987131 seconds.
  path: Assets/Prefabs/Levels/Level 1.prefab
  artifactKey: Guid(f12be308509b0bd489b8ae29278cff2b) Importer(815301076,1909f56bfc062723c751e8b465ee728b)
Start importing Assets/Prefabs/Levels/Level 1.prefab using Guid(f12be308509b0bd489b8ae29278cff2b) Importer(815301076,1909f56bfc062723c751e8b465ee728b)  -> (artifact id: '40a6f3669eb5f1d67f859e767ad1f663') in 0.386160 seconds
  Import took 0.403528 seconds .

========================================================================
Received Prepare
Registering precompiled user dll's ...
Registered in 0.001502 seconds.
Begin MonoManager ReloadAssembly
Native extension for WindowsStandalone target not found
Native extension for WebGL target not found
Refreshing native plugins compatible for Editor in 0.63 ms, found 0 plugins.
Preloading 0 native plugins for Editor in 0.00 ms.
Invoked RoslynAnalysisRunner static constructor.
RoslynAnalysisRunner will not be running.
RoslynAnalysisRunner has terminated.
Mono: successfully reloaded assembly
- Completed reload, in  1.050 seconds
Platform modules already initialized, skipping
Shader 'Universal Render Pipeline/Particles/Lit': fallback shader 'Universal Render Pipeline/Particles/SimpleLit' not found
Refreshing native plugins compatible for Editor in 0.63 ms, found 0 plugins.
Preloading 0 native plugins for Editor in 0.00 ms.
Unloading 2881 Unused Serialized files (Serialized files now loaded: 0)
System memory in use before: 155.8 MB.
System memory in use after: 155.9 MB.

Unloading 121 unused Assets to reduce memory usage. Loaded Objects now: 3687.
Total: 3.028200 ms (FindLiveObjects: 0.453500 ms CreateObjectMapping: 0.082300 ms MarkObjects: 2.309200 ms  DeleteObjects: 0.182100 ms)

========================================================================
Received Prepare
Registering precompiled user dll's ...
Registered in 0.001496 seconds.
Begin MonoManager ReloadAssembly
Native extension for WindowsStandalone target not found
Native extension for WebGL target not found
Refreshing native plugins compatible for Editor in 0.99 ms, found 0 plugins.
Preloading 0 native plugins for Editor in 0.00 ms.
Invoked RoslynAnalysisRunner static constructor.
RoslynAnalysisRunner will not be running.
RoslynAnalysisRunner has terminated.
Mono: successfully reloaded assembly
- Completed reload, in  1.016 seconds
Platform modules already initialized, skipping
Shader 'Universal Render Pipeline/Particles/Lit': fallback shader 'Universal Render Pipeline/Particles/SimpleLit' not found
Refreshing native plugins compatible for Editor in 0.93 ms, found 0 plugins.
Preloading 0 native plugins for Editor in 0.00 ms.
Unloading 2881 Unused Serialized files (Serialized files now loaded: 0)
System memory in use before: 155.7 MB.
System memory in use after: 155.9 MB.

Unloading 120 unused Assets to reduce memory usage. Loaded Objects now: 3689.
Total: 3.386100 ms (FindLiveObjects: 0.524100 ms CreateObjectMapping: 0.075200 ms MarkObjects: 2.614900 ms  DeleteObjects: 0.170900 ms)

========================================================================
Received Prepare
Registering precompiled user dll's ...
Registered in 0.001587 seconds.
Begin MonoManager ReloadAssembly
Native extension for WindowsStandalone target not found
Native extension for WebGL target not found
Refreshing native plugins compatible for Editor in 0.94 ms, found 0 plugins.
Preloading 0 native plugins for Editor in 0.00 ms.
Invoked RoslynAnalysisRunner static constructor.
RoslynAnalysisRunner will not be running.
RoslynAnalysisRunner has terminated.
Mono: successfully reloaded assembly
- Completed reload, in  1.046 seconds
Platform modules already initialized, skipping
Shader 'Universal Render Pipeline/Particles/Lit': fallback shader 'Universal Render Pipeline/Particles/SimpleLit' not found
Refreshing native plugins compatible for Editor in 0.68 ms, found 0 plugins.
Preloading 0 native plugins for Editor in 0.00 ms.
Unloading 2881 Unused Serialized files (Serialized files now loaded: 0)
System memory in use before: 155.7 MB.
System memory in use after: 155.9 MB.

Unloading 120 unused Assets to reduce memory usage. Loaded Objects now: 3691.
Total: 3.460600 ms (FindLiveObjects: 0.424400 ms CreateObjectMapping: 0.072900 ms MarkObjects: 2.754700 ms  DeleteObjects: 0.206700 ms)

========================================================================
Received Import Request.
  Time since last request: 606.018751 seconds.
  path: Assets/Assets.index
  artifactKey: Guid(68315256a7cf5344eae2d64d86813b43) Importer(815301076,1909f56bfc062723c751e8b465ee728b)
Start importing Assets/Assets.index using Guid(68315256a7cf5344eae2d64d86813b43) Importer(815301076,1909f56bfc062723c751e8b465ee728b)  -> (artifact id: '66c0e7dd1154ed37d2156587d4c624c9') in 0.065367 seconds
  Import took 0.073839 seconds .

========================================================================
Received Import Request.
  Time since last request: 2.208807 seconds.
  path: Assets/Fonts
  artifactKey: Guid(7508f952be8c586498b4fc040c0c8072) Importer(815301076,1909f56bfc062723c751e8b465ee728b)
Start importing Assets/Fonts using Guid(7508f952be8c586498b4fc040c0c8072) Importer(815301076,1909f56bfc062723c751e8b465ee728b)  -> (artifact id: '284218bcd6706e67a6a7e2d63566efe6') in 0.005828 seconds
  Import took 0.010420 seconds .

========================================================================
Received Import Request.
  Time since last request: 0.000282 seconds.
  path: Assets/Fonts
  artifactKey: Guid(7508f952be8c586498b4fc040c0c8072) Importer(815301076,1909f56bfc062723c751e8b465ee728b)
Start importing Assets/Fonts using Guid(7508f952be8c586498b4fc040c0c8072) Importer(815301076,1909f56bfc062723c751e8b465ee728b)  -> (artifact id: '284218bcd6706e67a6a7e2d63566efe6') in 0.002361 seconds
  Import took 0.005738 seconds .

========================================================================
Received Import Request.
  Time since last request: 5.932301 seconds.
  path: Assets/Fonts/Tatoo Sailor.TTF
  artifactKey: Guid(05fa9195636dbcd4187eac0ee63ef6bf) Importer(815301076,1909f56bfc062723c751e8b465ee728b)
Start importing Assets/Fonts/Tatoo Sailor.TTF using Guid(05fa9195636dbcd4187eac0ee63ef6bf) Importer(815301076,1909f56bfc062723c751e8b465ee728b)  -> (artifact id: 'fd00c8f19dfbad9b15a37f1fe53047c0') in 0.131065 seconds
  Import took 0.135962 seconds .

========================================================================
Received Import Request.
  Time since last request: 19.874623 seconds.
  path: Assets/Fonts/Tatoo Sailor SDF.asset
  artifactKey: Guid(cae9f308bb193664592e3703710214b8) Importer(815301076,1909f56bfc062723c751e8b465ee728b)
Start importing Assets/Fonts/Tatoo Sailor SDF.asset using Guid(cae9f308bb193664592e3703710214b8) Importer(815301076,1909f56bfc062723c751e8b465ee728b)  -> (artifact id: '3227da36baf5e0215cbaa89026cae8f1') in 0.038919 seconds
  Import took 0.043917 seconds .

========================================================================
Received Prepare
Registering precompiled user dll's ...
Registered in 0.001393 seconds.
Begin MonoManager ReloadAssembly
Native extension for WindowsStandalone target not found
Native extension for WebGL target not found
Refreshing native plugins compatible for Editor in 0.85 ms, found 0 plugins.
Preloading 0 native plugins for Editor in 0.00 ms.
Invoked RoslynAnalysisRunner static constructor.
RoslynAnalysisRunner will not be running.
RoslynAnalysisRunner has terminated.
Mono: successfully reloaded assembly
- Completed reload, in  0.898 seconds
Platform modules already initialized, skipping
Shader 'Universal Render Pipeline/Particles/Lit': fallback shader 'Universal Render Pipeline/Particles/SimpleLit' not found
Refreshing native plugins compatible for Editor in 0.84 ms, found 0 plugins.
Preloading 0 native plugins for Editor in 0.00 ms.
Unloading 2881 Unused Serialized files (Serialized files now loaded: 0)
System memory in use before: 156.0 MB.
System memory in use after: 156.2 MB.

Unloading 120 unused Assets to reduce memory usage. Loaded Objects now: 3734.
Total: 3.912200 ms (FindLiveObjects: 0.601300 ms CreateObjectMapping: 0.102500 ms MarkObjects: 2.981900 ms  DeleteObjects: 0.225400 ms)

========================================================================
Received Prepare
Registering precompiled user dll's ...
Registered in 0.001261 seconds.
Begin MonoManager ReloadAssembly
Native extension for WindowsStandalone target not found
Native extension for WebGL target not found
Refreshing native plugins compatible for Editor in 0.66 ms, found 0 plugins.
Preloading 0 native plugins for Editor in 0.00 ms.
Invoked RoslynAnalysisRunner static constructor.
RoslynAnalysisRunner will not be running.
RoslynAnalysisRunner has terminated.
Mono: successfully reloaded assembly
- Completed reload, in  1.028 seconds
Platform modules already initialized, skipping
Shader 'Universal Render Pipeline/Particles/Lit': fallback shader 'Universal Render Pipeline/Particles/SimpleLit' not found
Refreshing native plugins compatible for Editor in 0.59 ms, found 0 plugins.
Preloading 0 native plugins for Editor in 0.00 ms.
Unloading 2881 Unused Serialized files (Serialized files now loaded: 0)
System memory in use before: 156.0 MB.
System memory in use after: 156.2 MB.

Unloading 120 unused Assets to reduce memory usage. Loaded Objects now: 3736.
Total: 3.232900 ms (FindLiveObjects: 0.474600 ms CreateObjectMapping: 0.081900 ms MarkObjects: 2.471600 ms  DeleteObjects: 0.203400 ms)

========================================================================
Received Prepare
Registering precompiled user dll's ...
Registered in 0.001500 seconds.
Begin MonoManager ReloadAssembly
Native extension for WindowsStandalone target not found
Native extension for WebGL target not found
Refreshing native plugins compatible for Editor in 0.67 ms, found 0 plugins.
Preloading 0 native plugins for Editor in 0.00 ms.
Invoked RoslynAnalysisRunner static constructor.
RoslynAnalysisRunner will not be running.
RoslynAnalysisRunner has terminated.
Mono: successfully reloaded assembly
- Completed reload, in  1.032 seconds
Platform modules already initialized, skipping
Shader 'Universal Render Pipeline/Particles/Lit': fallback shader 'Universal Render Pipeline/Particles/SimpleLit' not found
Refreshing native plugins compatible for Editor in 0.60 ms, found 0 plugins.
Preloading 0 native plugins for Editor in 0.00 ms.
Unloading 2881 Unused Serialized files (Serialized files now loaded: 0)
System memory in use before: 156.1 MB.
System memory in use after: 156.2 MB.

Unloading 120 unused Assets to reduce memory usage. Loaded Objects now: 3738.
Total: 3.080400 ms (FindLiveObjects: 0.489900 ms CreateObjectMapping: 0.080800 ms MarkObjects: 2.325400 ms  DeleteObjects: 0.183400 ms)

========================================================================
Received Import Request.
  Time since last request: 878.182911 seconds.
  path: Assets/Assets.index
  artifactKey: Guid(68315256a7cf5344eae2d64d86813b43) Importer(815301076,1909f56bfc062723c751e8b465ee728b)
Start importing Assets/Assets.index using Guid(68315256a7cf5344eae2d64d86813b43) Importer(815301076,1909f56bfc062723c751e8b465ee728b)  -> (artifact id: '8b4c4d609c73169283e6a82abea00e25') in 0.027982 seconds
  Import took 0.035029 seconds .

========================================================================
Received Import Request.
  Time since last request: 164.219313 seconds.
  path: Assets/Assets.index
  artifactKey: Guid(68315256a7cf5344eae2d64d86813b43) Importer(815301076,1909f56bfc062723c751e8b465ee728b)
Start importing Assets/Assets.index using Guid(68315256a7cf5344eae2d64d86813b43) Importer(815301076,1909f56bfc062723c751e8b465ee728b)  -> (artifact id: 'f9660f9965b266ef3ed8361b6ec96a7a') in 0.008733 seconds
  Import took 0.013881 seconds .

========================================================================
Received Import Request.
  Time since last request: 4.745405 seconds.
  path: Assets/Assets.index
  artifactKey: Guid(68315256a7cf5344eae2d64d86813b43) Importer(815301076,1909f56bfc062723c751e8b465ee728b)
Start importing Assets/Assets.index using Guid(68315256a7cf5344eae2d64d86813b43) Importer(815301076,1909f56bfc062723c751e8b465ee728b)  -> (artifact id: 'a23705a860755eb5331347c4ce386ad2') in 0.006987 seconds
  Import took 0.011774 seconds .

========================================================================
Received Import Request.
  Time since last request: 6.068321 seconds.
  path: Assets/Assets.index
  artifactKey: Guid(68315256a7cf5344eae2d64d86813b43) Importer(815301076,1909f56bfc062723c751e8b465ee728b)
Start importing Assets/Assets.index using Guid(68315256a7cf5344eae2d64d86813b43) Importer(815301076,1909f56bfc062723c751e8b465ee728b)  -> (artifact id: 'c987e34eaa787823d841d3840b860938') in 0.005102 seconds
  Import took 0.010383 seconds .

========================================================================
Received Import Request.
  Time since last request: 9.453186 seconds.
  path: Assets/Assets.index
  artifactKey: Guid(68315256a7cf5344eae2d64d86813b43) Importer(815301076,1909f56bfc062723c751e8b465ee728b)
Start importing Assets/Assets.index using Guid(68315256a7cf5344eae2d64d86813b43) Importer(815301076,1909f56bfc062723c751e8b465ee728b)  -> (artifact id: 'e983379937311c2d3065f1abeb2d3673') in 0.006955 seconds
  Import took 0.011890 seconds .

========================================================================
Received Prepare
Registering precompiled user dll's ...
Registered in 0.001263 seconds.
Begin MonoManager ReloadAssembly
Native extension for WindowsStandalone target not found
Native extension for WebGL target not found
Refreshing native plugins compatible for Editor in 0.58 ms, found 0 plugins.
Preloading 0 native plugins for Editor in 0.00 ms.
Invoked RoslynAnalysisRunner static constructor.
RoslynAnalysisRunner will not be running.
RoslynAnalysisRunner has terminated.
Mono: successfully reloaded assembly
- Completed reload, in  0.905 seconds
Platform modules already initialized, skipping
Shader 'Universal Render Pipeline/Particles/Lit': fallback shader 'Universal Render Pipeline/Particles/SimpleLit' not found
Refreshing native plugins compatible for Editor in 0.57 ms, found 0 plugins.
Preloading 0 native plugins for Editor in 0.00 ms.
Unloading 2881 Unused Serialized files (Serialized files now loaded: 0)
System memory in use before: 156.0 MB.
System memory in use after: 156.2 MB.

Unloading 120 unused Assets to reduce memory usage. Loaded Objects now: 3740.
Total: 3.192700 ms (FindLiveObjects: 0.387200 ms CreateObjectMapping: 0.079600 ms MarkObjects: 2.537700 ms  DeleteObjects: 0.187200 ms)

========================================================================
Received Import Request.
  Time since last request: 256.209383 seconds.
  path: Assets/Assets.index
  artifactKey: Guid(68315256a7cf5344eae2d64d86813b43) Importer(815301076,1909f56bfc062723c751e8b465ee728b)
Start importing Assets/Assets.index using Guid(68315256a7cf5344eae2d64d86813b43) Importer(815301076,1909f56bfc062723c751e8b465ee728b)  -> (artifact id: '346cdeb86c995eefd7592b1507a567f7') in 0.041809 seconds
  Import took 0.048324 seconds .

AssetImportWorkerClient::OnTransportError - code=2 error=End of file
