Using pre-set license
Built from '2020.2/release' branch; Version is '2020.2.2f1 (068178b99f32) revision 426360'; Using compiler version '192528614'; Build Type 'Release'
OS: 'Windows 10 Pro; OS build 19042.746; Version 2009; 64bit' Language: 'en' Physical Memory: 32678 MB
BatchMode: 1, IsHumanControllingUs: 0, StartBugReporterOnCrash: 0, Is64bit: 1, IsPro: 0

 COMMAND LINE ARGUMENTS:
C:\Program Files\Unity Editor\2020.2.2f1\Editor\Unity.exe
-adb2
-batchMode
-noUpm
-name
AssetImportWorker0
-projectPath
C:/Users/Adrian/Desktop/Unity Projects/3DShipGame/ShipGame3D
-logFile
Logs/AssetImportWorker0.log
-srvPort
54967
Successfully changed project path to: C:/Users/Adrian/Desktop/Unity Projects/3DShipGame/ShipGame3D
C:/Users/Adrian/Desktop/Unity Projects/3DShipGame/ShipGame3D
Using Asset Import Pipeline V2.
Refreshing native plugins compatible for Editor in 55.92 ms, found 0 plugins.
Preloading 0 native plugins for Editor in 0.00 ms.
Initialize engine version: 2020.2.2f1 (068178b99f32)
[Subsystems] Discovering subsystems at path C:/Program Files/Unity Editor/2020.2.2f1/Editor/Data/Resources/UnitySubsystems
[Subsystems] Discovering subsystems at path C:/Users/Adrian/Desktop/Unity Projects/3DShipGame/ShipGame3D/Assets
GfxDevice: creating device client; threaded=0
Direct3D:
    Version:  Direct3D 11.0 [level 11.1]
    Renderer: NVIDIA GeForce RTX 2070 SUPER (ID=0x1e84)
    Vendor:   
    VRAM:     8011 MB
    Driver:   27.21.14.6140
Shader 'Universal Render Pipeline/Particles/Lit': fallback shader 'Universal Render Pipeline/Particles/SimpleLit' not found
Initialize mono
Mono path[0] = 'C:/Program Files/Unity Editor/2020.2.2f1/Editor/Data/Managed'
Mono path[1] = 'C:/Program Files/Unity Editor/2020.2.2f1/Editor/Data/MonoBleedingEdge/lib/mono/unityjit'
Mono config path = 'C:/Program Files/Unity Editor/2020.2.2f1/Editor/Data/MonoBleedingEdge/etc'
Using monoOptions --debugger-agent=transport=dt_socket,embedding=1,server=y,suspend=n,address=127.0.0.1:56640
Begin MonoManager ReloadAssembly
Registering precompiled unity dll's ...
Register platform support module: C:/Program Files/Unity Editor/2020.2.2f1/Editor/Data/PlaybackEngines/WebGLSupport/UnityEditor.WebGL.Extensions.dll
Register platform support module: C:/Program Files/Unity Editor/2020.2.2f1/Editor/Data/PlaybackEngines/WindowsStandaloneSupport/UnityEditor.WindowsStandalone.Extensions.dll
Registered in 0.001888 seconds.
Native extension for WindowsStandalone target not found
Native extension for WebGL target not found
Refreshing native plugins compatible for Editor in 56.94 ms, found 0 plugins.
Preloading 0 native plugins for Editor in 0.00 ms.
Invoked RoslynAnalysisRunner static constructor.
RoslynAnalysisRunner will not be running.
RoslynAnalysisRunner has terminated.
Mono: successfully reloaded assembly
- Completed reload, in  1.013 seconds
Platform modules already initialized, skipping
Registering precompiled user dll's ...
Registered in 0.004295 seconds.
Begin MonoManager ReloadAssembly
Native extension for WindowsStandalone target not found
Native extension for WebGL target not found
Refreshing native plugins compatible for Editor in 67.13 ms, found 0 plugins.
Preloading 0 native plugins for Editor in 0.00 ms.
Invoked RoslynAnalysisRunner static constructor.
RoslynAnalysisRunner will not be running.
RoslynAnalysisRunner has terminated.
Mono: successfully reloaded assembly
- Completed reload, in  1.016 seconds
Platform modules already initialized, skipping
========================================================================
Worker process is ready to serve import requests
Shader 'Universal Render Pipeline/Particles/Lit': fallback shader 'Universal Render Pipeline/Particles/SimpleLit' not found
Launched and connected shader compiler UnityShaderCompiler.exe after 0.03 seconds
Refreshing native plugins compatible for Editor in 0.63 ms, found 0 plugins.
Preloading 0 native plugins for Editor in 0.00 ms.
Unloading 3038 Unused Serialized files (Serialized files now loaded: 0)
System memory in use before: 144.7 MB.
System memory in use after: 144.8 MB.

Unloading 125 unused Assets to reduce memory usage. Loaded Objects now: 3478.
Total: 2.781700 ms (FindLiveObjects: 0.370300 ms CreateObjectMapping: 0.079200 ms MarkObjects: 1.996000 ms  DeleteObjects: 0.335200 ms)

========================================================================
Received Import Request.
  path: Assets/Models/checkmark.png
  artifactKey: Guid(3fa5269dd416aaf4f834378cf9adcd73) Importer(815301076,1909f56bfc062723c751e8b465ee728b)
Start importing Assets/Models/checkmark.png using Guid(3fa5269dd416aaf4f834378cf9adcd73) Importer(815301076,1909f56bfc062723c751e8b465ee728b)  -> (artifact id: 'd14a51bc425af32199177a4808953ec1') in 0.072043 seconds
  Import took 0.076757 seconds .

========================================================================
Received Import Request.
  Time since last request: 24.197978 seconds.
  path: Assets/Models/checkmark.png
  artifactKey: Guid(3fa5269dd416aaf4f834378cf9adcd73) Importer(815301076,1909f56bfc062723c751e8b465ee728b)
Start importing Assets/Models/checkmark.png using Guid(3fa5269dd416aaf4f834378cf9adcd73) Importer(815301076,1909f56bfc062723c751e8b465ee728b)  -> (artifact id: '0ff8c382cd013a5ed22c3d25f004b82c') in 0.013805 seconds
  Import took 0.020305 seconds .

========================================================================
Received Import Request.
  Time since last request: 204.610070 seconds.
  path: Assets/Models/checkmark.png
  artifactKey: Guid(3fa5269dd416aaf4f834378cf9adcd73) Importer(815301076,1909f56bfc062723c751e8b465ee728b)
Start importing Assets/Models/checkmark.png using Guid(3fa5269dd416aaf4f834378cf9adcd73) Importer(815301076,1909f56bfc062723c751e8b465ee728b)  -> (artifact id: 'afccc737596d19ef3b212a9068f4736f') in 0.048106 seconds
  Import took 0.054086 seconds .

========================================================================
Received Prepare
Registering precompiled user dll's ...
Registered in 0.001420 seconds.
Begin MonoManager ReloadAssembly
Native extension for WindowsStandalone target not found
Native extension for WebGL target not found
Refreshing native plugins compatible for Editor in 0.69 ms, found 0 plugins.
Preloading 0 native plugins for Editor in 0.00 ms.
Invoked RoslynAnalysisRunner static constructor.
RoslynAnalysisRunner will not be running.
RoslynAnalysisRunner has terminated.
Mono: successfully reloaded assembly
- Completed reload, in  1.105 seconds
Platform modules already initialized, skipping
Shader 'Universal Render Pipeline/Particles/Lit': fallback shader 'Universal Render Pipeline/Particles/SimpleLit' not found
Refreshing native plugins compatible for Editor in 0.66 ms, found 0 plugins.
Preloading 0 native plugins for Editor in 0.00 ms.
Unloading 2884 Unused Serialized files (Serialized files now loaded: 0)
System memory in use before: 139.2 MB.
System memory in use after: 139.4 MB.

Unloading 120 unused Assets to reduce memory usage. Loaded Objects now: 3487.
Total: 3.750700 ms (FindLiveObjects: 0.517800 ms CreateObjectMapping: 0.084800 ms MarkObjects: 2.955000 ms  DeleteObjects: 0.191700 ms)

========================================================================
Received Import Request.
  Time since last request: 501.296965 seconds.
  path: Assets/Assets.index
  artifactKey: Guid(68315256a7cf5344eae2d64d86813b43) Importer(815301076,1909f56bfc062723c751e8b465ee728b)
Start importing Assets/Assets.index using Guid(68315256a7cf5344eae2d64d86813b43) Importer(815301076,1909f56bfc062723c751e8b465ee728b)  -> (artifact id: 'b62c3416a16177aa1fe01dbf3c079b64') in 0.048666 seconds
  Import took 0.053798 seconds .

========================================================================
Received Import Request.
  Time since last request: 10.577225 seconds.
  path: Assets/Scripts/SettingsManagement.cs
  artifactKey: Guid(9570a462a60b85043a70c95f5d69d96d) Importer(815301076,1909f56bfc062723c751e8b465ee728b)
Start importing Assets/Scripts/SettingsManagement.cs using Guid(9570a462a60b85043a70c95f5d69d96d) Importer(815301076,1909f56bfc062723c751e8b465ee728b)  -> (artifact id: 'ff70773ce9d4c2dde1fbeb38fcc37db2') in 0.010173 seconds
  Import took 0.014944 seconds .

========================================================================
Received Prepare
Registering precompiled user dll's ...
Registered in 0.001357 seconds.
Begin MonoManager ReloadAssembly
Native extension for WindowsStandalone target not found
Native extension for WebGL target not found
Refreshing native plugins compatible for Editor in 0.60 ms, found 0 plugins.
Preloading 0 native plugins for Editor in 0.00 ms.
Invoked RoslynAnalysisRunner static constructor.
RoslynAnalysisRunner will not be running.
RoslynAnalysisRunner has terminated.
Mono: successfully reloaded assembly
- Completed reload, in  0.960 seconds
Platform modules already initialized, skipping
Shader 'Universal Render Pipeline/Particles/Lit': fallback shader 'Universal Render Pipeline/Particles/SimpleLit' not found
Refreshing native plugins compatible for Editor in 0.62 ms, found 0 plugins.
Preloading 0 native plugins for Editor in 0.00 ms.
Unloading 2884 Unused Serialized files (Serialized files now loaded: 0)
System memory in use before: 139.3 MB.
System memory in use after: 139.4 MB.

Unloading 120 unused Assets to reduce memory usage. Loaded Objects now: 3489.
Total: 2.658900 ms (FindLiveObjects: 0.369300 ms CreateObjectMapping: 0.070200 ms MarkObjects: 2.053600 ms  DeleteObjects: 0.164300 ms)

========================================================================
Received Prepare
Registering precompiled user dll's ...
Registered in 0.001394 seconds.
Begin MonoManager ReloadAssembly
Native extension for WindowsStandalone target not found
Native extension for WebGL target not found
Refreshing native plugins compatible for Editor in 0.59 ms, found 0 plugins.
Preloading 0 native plugins for Editor in 0.00 ms.
Invoked RoslynAnalysisRunner static constructor.
RoslynAnalysisRunner will not be running.
RoslynAnalysisRunner has terminated.
Mono: successfully reloaded assembly
- Completed reload, in  0.852 seconds
Platform modules already initialized, skipping
Shader 'Universal Render Pipeline/Particles/Lit': fallback shader 'Universal Render Pipeline/Particles/SimpleLit' not found
Refreshing native plugins compatible for Editor in 0.58 ms, found 0 plugins.
Preloading 0 native plugins for Editor in 0.00 ms.
Unloading 2884 Unused Serialized files (Serialized files now loaded: 0)
System memory in use before: 139.3 MB.
System memory in use after: 139.5 MB.

Unloading 120 unused Assets to reduce memory usage. Loaded Objects now: 3491.
Total: 2.783000 ms (FindLiveObjects: 0.416000 ms CreateObjectMapping: 0.078500 ms MarkObjects: 2.115500 ms  DeleteObjects: 0.172100 ms)

========================================================================
Received Import Request.
  Time since last request: 391.504446 seconds.
  path: Assets/Assets.index
  artifactKey: Guid(68315256a7cf5344eae2d64d86813b43) Importer(815301076,1909f56bfc062723c751e8b465ee728b)
Start importing Assets/Assets.index using Guid(68315256a7cf5344eae2d64d86813b43) Importer(815301076,1909f56bfc062723c751e8b465ee728b)  -> (artifact id: '7f9c0fb94560da9eeb33a18efea0f395') in 0.028083 seconds
  Import took 0.034919 seconds .

========================================================================
Received Import Request.
  Time since last request: 3.023189 seconds.
  path: Assets
  artifactKey: Guid(00000000000000001000000000000000) Importer(815301076,1909f56bfc062723c751e8b465ee728b)
Start importing Assets using Guid(00000000000000001000000000000000) Importer(815301076,1909f56bfc062723c751e8b465ee728b)  -> (artifact id: '4a6e520b92ccfc61bcfa21a7bcab8468') in 0.002866 seconds
  Import took 0.007642 seconds .

========================================================================
Received Import Request.
  Time since last request: 4.568785 seconds.
  path: Assets/Sounds
  artifactKey: Guid(d608084c65b316f4cb8ca4eacde7b482) Importer(815301076,1909f56bfc062723c751e8b465ee728b)
Start importing Assets/Sounds using Guid(d608084c65b316f4cb8ca4eacde7b482) Importer(815301076,1909f56bfc062723c751e8b465ee728b)  -> (artifact id: 'e3330d8b279d22ed8b813bc0644cd3f7') in 0.016071 seconds
  Import took 0.022583 seconds .

========================================================================
Received Import Request.
  Time since last request: 27.647454 seconds.
  path: Assets/Scripts/GameManagement.cs
  artifactKey: Guid(1bcb7a0e6644e014e81123377dcabb1b) Importer(815301076,1909f56bfc062723c751e8b465ee728b)
Start importing Assets/Scripts/GameManagement.cs using Guid(1bcb7a0e6644e014e81123377dcabb1b) Importer(815301076,1909f56bfc062723c751e8b465ee728b)  -> (artifact id: '8d2dcd1daedea61893f694fe14412eb6') in 0.010691 seconds
  Import took 0.016404 seconds .

========================================================================
Received Import Request.
  Time since last request: 0.020238 seconds.
  path: Assets/Scripts/GameManagement.cs
  artifactKey: Guid(1bcb7a0e6644e014e81123377dcabb1b) Importer(815301076,1909f56bfc062723c751e8b465ee728b)
Start importing Assets/Scripts/GameManagement.cs using Guid(1bcb7a0e6644e014e81123377dcabb1b) Importer(815301076,1909f56bfc062723c751e8b465ee728b)  -> (artifact id: '8d2dcd1daedea61893f694fe14412eb6') in 0.003086 seconds
  Import took 0.008904 seconds .

========================================================================
Received Import Request.
  Time since last request: 3.880538 seconds.
  path: Assets/Scripts/PlayerAnimations.cs
  artifactKey: Guid(ad66b58a2a039ec41b21b820fa8c35d2) Importer(815301076,1909f56bfc062723c751e8b465ee728b)
Start importing Assets/Scripts/PlayerAnimations.cs using Guid(ad66b58a2a039ec41b21b820fa8c35d2) Importer(815301076,1909f56bfc062723c751e8b465ee728b)  -> (artifact id: 'dbbeb888206af581ffe3d4a7491f214f') in 0.006955 seconds
  Import took 0.012455 seconds .

========================================================================
Received Import Request.
  Time since last request: 2.785459 seconds.
  path: Assets/Scripts/PlayerMovement.cs
  artifactKey: Guid(6a4efd3e51aefa249be2d379fdb380ea) Importer(815301076,1909f56bfc062723c751e8b465ee728b)
Start importing Assets/Scripts/PlayerMovement.cs using Guid(6a4efd3e51aefa249be2d379fdb380ea) Importer(815301076,1909f56bfc062723c751e8b465ee728b)  -> (artifact id: '56d82b24249de3c09298b745b1ae0e0c') in 0.007815 seconds
  Import took 0.012962 seconds .

========================================================================
Received Import Request.
  Time since last request: 1.397641 seconds.
  path: Assets/Scripts/SoundManagement.cs
  artifactKey: Guid(aba6218b11ba3154fbe1bf1052be0329) Importer(815301076,1909f56bfc062723c751e8b465ee728b)
Start importing Assets/Scripts/SoundManagement.cs using Guid(aba6218b11ba3154fbe1bf1052be0329) Importer(815301076,1909f56bfc062723c751e8b465ee728b)  -> (artifact id: '5a3ab449c256ff7eae7c43f255dc8a35') in 0.016843 seconds
  Import took 0.024395 seconds .

========================================================================
Received Import Request.
  Time since last request: 11.891853 seconds.
  path: Assets/Scripts/GameplayUI.cs
  artifactKey: Guid(5bce04bb5f437724caa9f04f7fb9d674) Importer(815301076,1909f56bfc062723c751e8b465ee728b)
Start importing Assets/Scripts/GameplayUI.cs using Guid(5bce04bb5f437724caa9f04f7fb9d674) Importer(815301076,1909f56bfc062723c751e8b465ee728b)  -> (artifact id: '443bb106ac3084771d951ec71923d22b') in 0.006921 seconds
  Import took 0.012407 seconds .

========================================================================
Received Import Request.
  Time since last request: 1.275076 seconds.
  path: Assets/Scripts/MainMenu.cs
  artifactKey: Guid(dbc0e64c7493179498c2965bb1943dec) Importer(815301076,1909f56bfc062723c751e8b465ee728b)
Start importing Assets/Scripts/MainMenu.cs using Guid(dbc0e64c7493179498c2965bb1943dec) Importer(815301076,1909f56bfc062723c751e8b465ee728b)  -> (artifact id: '37cf7df812b7ac61c144468ebbc13d0b') in 0.006637 seconds
  Import took 0.011639 seconds .

========================================================================
Received Prepare
Registering precompiled user dll's ...
Registered in 0.001438 seconds.
Begin MonoManager ReloadAssembly
Native extension for WindowsStandalone target not found
Native extension for WebGL target not found
Refreshing native plugins compatible for Editor in 0.57 ms, found 0 plugins.
Preloading 0 native plugins for Editor in 0.00 ms.
Invoked RoslynAnalysisRunner static constructor.
RoslynAnalysisRunner will not be running.
RoslynAnalysisRunner has terminated.
Mono: successfully reloaded assembly
- Completed reload, in  0.901 seconds
Platform modules already initialized, skipping
Shader 'Universal Render Pipeline/Particles/Lit': fallback shader 'Universal Render Pipeline/Particles/SimpleLit' not found
Refreshing native plugins compatible for Editor in 0.68 ms, found 0 plugins.
Preloading 0 native plugins for Editor in 0.00 ms.
Unloading 2884 Unused Serialized files (Serialized files now loaded: 0)
System memory in use before: 139.3 MB.
System memory in use after: 139.5 MB.

Unloading 120 unused Assets to reduce memory usage. Loaded Objects now: 3493.
Total: 3.031400 ms (FindLiveObjects: 0.417600 ms CreateObjectMapping: 0.074100 ms MarkObjects: 2.313500 ms  DeleteObjects: 0.224800 ms)

========================================================================
Received Prepare
Registering precompiled user dll's ...
Registered in 0.001269 seconds.
Begin MonoManager ReloadAssembly
Native extension for WindowsStandalone target not found
Native extension for WebGL target not found
Refreshing native plugins compatible for Editor in 0.59 ms, found 0 plugins.
Preloading 0 native plugins for Editor in 0.00 ms.
Invoked RoslynAnalysisRunner static constructor.
RoslynAnalysisRunner will not be running.
RoslynAnalysisRunner has terminated.
Mono: successfully reloaded assembly
- Completed reload, in  0.890 seconds
Platform modules already initialized, skipping
Shader 'Universal Render Pipeline/Particles/Lit': fallback shader 'Universal Render Pipeline/Particles/SimpleLit' not found
Refreshing native plugins compatible for Editor in 0.89 ms, found 0 plugins.
Preloading 0 native plugins for Editor in 0.00 ms.
Unloading 2884 Unused Serialized files (Serialized files now loaded: 0)
System memory in use before: 139.3 MB.
System memory in use after: 139.5 MB.

Unloading 120 unused Assets to reduce memory usage. Loaded Objects now: 3495.
Total: 4.902300 ms (FindLiveObjects: 0.598200 ms CreateObjectMapping: 0.098500 ms MarkObjects: 3.631700 ms  DeleteObjects: 0.571800 ms)

========================================================================
Received Prepare
Registering precompiled user dll's ...
Registered in 0.001843 seconds.
Begin MonoManager ReloadAssembly
Native extension for WindowsStandalone target not found
Native extension for WebGL target not found
Refreshing native plugins compatible for Editor in 0.58 ms, found 0 plugins.
Preloading 0 native plugins for Editor in 0.00 ms.
Invoked RoslynAnalysisRunner static constructor.
RoslynAnalysisRunner will not be running.
RoslynAnalysisRunner has terminated.
Mono: successfully reloaded assembly
- Completed reload, in  0.912 seconds
Platform modules already initialized, skipping
Shader 'Universal Render Pipeline/Particles/Lit': fallback shader 'Universal Render Pipeline/Particles/SimpleLit' not found
Refreshing native plugins compatible for Editor in 0.64 ms, found 0 plugins.
Preloading 0 native plugins for Editor in 0.00 ms.
Unloading 2884 Unused Serialized files (Serialized files now loaded: 0)
System memory in use before: 139.3 MB.
System memory in use after: 139.5 MB.

Unloading 120 unused Assets to reduce memory usage. Loaded Objects now: 3497.
Total: 2.784600 ms (FindLiveObjects: 0.430400 ms CreateObjectMapping: 0.073800 ms MarkObjects: 2.102500 ms  DeleteObjects: 0.176100 ms)

